빌드 시작: 2012-08-07 오후 9:00:56
     1>2 노드의 "C:\Users\SGA-A13\Desktop\프로그래밍 변영화\trunk\민태인\first\first\first.vcxproj" 프로젝트(build 대상)입니다.
     1>InitializeBuildStatus:
         "Debug\first.unsuccessfulbuild"에 연결(touching)하고 있습니다.
       ClCompile:
         모든 출력이 최신 상태입니다.
         C:\Program Files (x86)\Microsoft Visual Studio 10.0\VC\bin\CL.exe /c /ZI /nologo /W3 /WX- /Od /Oy- /D WIN32 /D _DEBUG /D _CONSOLE /D _UNICODE /D UNICODE /Gm /EHsc /RTC1 /MDd /GS /fp:precise /Zc:wchar_t /Zc:forScope /Yu"StdAfx.h" /Fp"Debug\first.pch" /Fo"Debug\\" /Fd"Debug\vc100.pdb" /Gd /TP /analyze- /errorReport:prompt Mintuck.cpp first.cpp
         first.cpp
         Mintuck.cpp
         코드를 생성하고 있습니다...
       ManifestResourceCompile:
         모든 출력이 최신 상태입니다.
       Link:
         C:\Program Files (x86)\Microsoft Visual Studio 10.0\VC\bin\link.exe /ERRORREPORT:PROMPT /OUT:"C:\Users\SGA-A13\Desktop\프로그래밍 변영화\trunk\민태인\first\Debug\first.exe" /INCREMENTAL /NOLOGO kernel32.lib user32.lib gdi32.lib winspool.lib comdlg32.lib advapi32.lib shell32.lib ole32.lib oleaut32.lib uuid.lib odbc32.lib odbccp32.lib /MANIFEST /ManifestFile:"Debug\first.exe.intermediate.manifest" /MANIFESTUAC:"level='asInvoker' uiAccess='false'" /DEBUG /PDB:"C:\Users\SGA-A13\Desktop\프로그래밍 변영화\trunk\민태인\first\Debug\first.pdb" /SUBSYSTEM:CONSOLE /TLBID:1 /DYNAMICBASE /NXCOMPAT /IMPLIB:"C:\Users\SGA-A13\Desktop\프로그래밍 변영화\trunk\민태인\first\Debug\first.lib" /MACHINE:X86 Debug\first.exe.embed.manifest.res
         Debug\Arm.obj
         Debug\Chest.obj
         Debug\first.obj
         Debug\Head.obj
         Debug\Leg.obj
         Debug\Mintuck.obj
         Debug\stdafx.obj
         Debug\Stomach.obj
     1>Mintuck.obj : error LNK2019: "public: __thiscall Mintuck::Leg::~Leg(void)" (??1Leg@Mintuck@@QAE@XZ) 외부 기호(참조 위치: __unwindfunclet$??0Mintuck@@QAE@XZ$0 함수)에서 확인하지 못했습니다.
     1>Mintuck.obj : error LNK2019: "public: __thiscall Mintuck::Arm::~Arm(void)" (??1Arm@Mintuck@@QAE@XZ) 외부 기호(참조 위치: __unwindfunclet$??0Mintuck@@QAE@XZ$0 함수)에서 확인하지 못했습니다.
     1>Mintuck.obj : error LNK2019: "public: __thiscall Mintuck::Stomach::~Stomach(void)" (??1Stomach@Mintuck@@QAE@XZ) 외부 기호(참조 위치: __unwindfunclet$??0Mintuck@@QAE@XZ$0 함수)에서 확인하지 못했습니다.
     1>Mintuck.obj : error LNK2019: "public: __thiscall Mintuck::Chest::~Chest(void)" (??1Chest@Mintuck@@QAE@XZ) 외부 기호(참조 위치: __unwindfunclet$??0Mintuck@@QAE@XZ$0 함수)에서 확인하지 못했습니다.
     1>Mintuck.obj : error LNK2019: "public: __thiscall Mintuck::Head::~Head(void)" (??1Head@Mintuck@@QAE@XZ) 외부 기호(참조 위치: __unwindfunclet$??0Mintuck@@QAE@XZ$0 함수)에서 확인하지 못했습니다.
     1>Mintuck.obj : error LNK2019: "public: __thiscall Mintuck::Leg::Leg(void)" (??0Leg@Mintuck@@QAE@XZ) 외부 기호(참조 위치: "public: __thiscall Mintuck::Mintuck(void)" (??0Mintuck@@QAE@XZ) 함수)에서 확인하지 못했습니다.
     1>Mintuck.obj : error LNK2019: "public: __thiscall Mintuck::Arm::Arm(void)" (??0Arm@Mintuck@@QAE@XZ) 외부 기호(참조 위치: "public: __thiscall Mintuck::Mintuck(void)" (??0Mintuck@@QAE@XZ) 함수)에서 확인하지 못했습니다.
     1>Mintuck.obj : error LNK2019: "public: __thiscall Mintuck::Stomach::Stomach(void)" (??0Stomach@Mintuck@@QAE@XZ) 외부 기호(참조 위치: "public: __thiscall Mintuck::Mintuck(void)" (??0Mintuck@@QAE@XZ) 함수)에서 확인하지 못했습니다.
     1>Mintuck.obj : error LNK2019: "public: __thiscall Mintuck::Chest::Chest(void)" (??0Chest@Mintuck@@QAE@XZ) 외부 기호(참조 위치: "public: __thiscall Mintuck::Mintuck(void)" (??0Mintuck@@QAE@XZ) 함수)에서 확인하지 못했습니다.
     1>Mintuck.obj : error LNK2019: "public: __thiscall Mintuck::Head::Head(void)" (??0Head@Mintuck@@QAE@XZ) 외부 기호(참조 위치: "public: __thiscall Mintuck::Mintuck(void)" (??0Mintuck@@QAE@XZ) 함수)에서 확인하지 못했습니다.
     1>C:\Users\SGA-A13\Desktop\프로그래밍 변영화\trunk\민태인\first\Debug\first.exe : fatal error LNK1120: 10개의 확인할 수 없는 외부 참조입니다.
     1>"C:\Users\SGA-A13\Desktop\프로그래밍 변영화\trunk\민태인\first\first\first.vcxproj" 프로젝트를 빌드했습니다(build 대상). - 실패

빌드하지 못했습니다.

경과 시간: 00:00:00.54
