빌드 시작: 2012-08-07 오후 10:02:33
     1>2 노드의 "C:\Users\SGA-A11\Desktop\작업\trunk\이지환\이지환2\이지환2\이지환2.vcxproj" 프로젝트(build 대상)입니다.
     1>InitializeBuildStatus:
         "Debug\이지환2.unsuccessfulbuild"에 연결(touching)하고 있습니다.
       ClCompile:
         모든 출력이 최신 상태입니다.
         C:\Program Files (x86)\Microsoft Visual Studio 10.0\VC\bin\CL.exe /c /ZI /nologo /W3 /WX- /Od /Oy- /D WIN32 /D _DEBUG /D _CONSOLE /D _UNICODE /D UNICODE /Gm /EHsc /RTC1 /MDd /GS /fp:precise /Zc:wchar_t /Zc:forScope /Yu"StdAfx.h" /Fp"Debug\이지환2.pch" /Fo"Debug\\" /Fd"Debug\vc100.pdb" /Gd /TP /analyze- /errorReport:prompt Wing.cpp
         Wing.cpp
     1>c:\users\sga-a11\desktop\작업\trunk\이지환\이지환2\이지환2\wing.cpp(7): error C2065: 'name' : 선언되지 않은 식별자입니다.
     1>c:\users\sga-a11\desktop\작업\trunk\이지환\이지환2\이지환2\wing.cpp(7): error C2228: '.c_str' 왼쪽에는 클래스/구조체/공용 구조체가 있어야 합니다.
                 ''unknown-type'' 형식입니다.
     1>c:\users\sga-a11\desktop\작업\trunk\이지환\이지환2\이지환2\wing.cpp(8): error C2143: 구문 오류 : ';'이(가) '}' 앞에 없습니다.
     1>c:\users\sga-a11\desktop\작업\trunk\이지환\이지환2\이지환2\wing.cpp(13): error C2660: 'printf' : 함수는 0개의 매개 변수를 사용하지 않습니다.
     1>c:\users\sga-a11\desktop\작업\trunk\이지환\이지환2\이지환2\wing.cpp(14): error C2143: 구문 오류 : ';'이(가) '}' 앞에 없습니다.
     1>"C:\Users\SGA-A11\Desktop\작업\trunk\이지환\이지환2\이지환2\이지환2.vcxproj" 프로젝트를 빌드했습니다(build 대상). - 실패

빌드하지 못했습니다.

경과 시간: 00:00:00.11
